# JRE version: Java(TM) SE Runtime Environment (8.0-b127) (build 1.8.0-b127)
# Java VM: Java HotSpot(TM) 64-Bit Server VM (25.0-b69 mixed mode windows-amd64 compressed oops)
Heap:
 PSYoungGen      total 1024K, used 861K [0x00000000ec100000, 0x00000000ec300000, 0x0000000100000000)
  eden space 512K, 73% used [0x00000000ec100000,0x00000000ec15e920,0x00000000ec180000)
  from space 512K, 94% used [0x00000000ec200000,0x00000000ec278e00,0x00000000ec280000)
  to   space 512K, 0% used [0x00000000ec180000,0x00000000ec180000,0x00000000ec200000)
 ParOldGen       total 59904K, used 208K [0x00000000c4200000, 0x00000000c7c80000, 0x00000000ec100000)
  object space 59904K, 0% used [0x00000000c4200000,0x00000000c4234010,0x00000000c7c80000)
 Metaspace       used 3472K, capacity 4506K, committed 4864K, reserved 1056768K
  class space    used 392K, capacity 394K, committed 512K, reserved 1048576K
GC Heap History (4 events):
Event: 0.653 GC heap before
{Heap before GC invocations=1 (full 0):
 PSYoungGen      total 1024K, used 512K [0x00000000ec100000, 0x00000000ec280000, 0x0000000100000000)
  eden space 512K, 100% used [0x00000000ec100000,0x00000000ec180000,0x00000000ec180000)
  from space 512K, 0% used [0x00000000ec200000,0x00000000ec200000,0x00000000ec280000)
  to   space 512K, 0% used [0x00000000ec180000,0x00000000ec180000,0x00000000ec200000)
 ParOldGen       total 59904K, used 0K [0x00000000c4200000, 0x00000000c7c80000, 0x00000000ec100000)
  object space 59904K, 0% used [0x00000000c4200000,0x00000000c4200000,0x00000000c7c80000)
 Metaspace       used 2605K, capacity 4486K, committed 4864K, reserved 1056768K
  class space    used 285K, capacity 386K, committed 512K, reserved 1048576K
Event: 0.654 GC heap after
Heap after GC invocations=1 (full 0):
 PSYoungGen      total 1024K, used 416K [0x00000000ec100000, 0x00000000ec280000, 0x0000000100000000)
  eden space 512K, 0% used [0x00000000ec100000,0x00000000ec100000,0x00000000ec180000)
  from space 512K, 81% used [0x00000000ec180000,0x00000000ec1e8000,0x00000000ec200000)
  to   space 512K, 0% used [0x00000000ec200000,0x00000000ec200000,0x00000000ec280000)
 ParOldGen       total 59904K, used 8K [0x00000000c4200000, 0x00000000c7c80000, 0x00000000ec100000)
  object space 59904K, 0% used [0x00000000c4200000,0x00000000c4202000,0x00000000c7c80000)
 Metaspace       used 2605K, capacity 4486K, committed 4864K, reserved 1056768K
  class space    used 285K, capacity 386K, committed 512K, reserved 1048576K
}
Event: 0.707 GC heap before
{Heap before GC invocations=2 (full 0):
 PSYoungGen      total 1024K, used 919K [0x00000000ec100000, 0x00000000ec280000, 0x0000000100000000)
  eden space 512K, 98% used [0x00000000ec100000,0x00000000ec17de78,0x00000000ec180000)
  from space 512K, 81% used [0x00000000ec180000,0x00000000ec1e8000,0x00000000ec200000)
  to   space 512K, 0% used [0x00000000ec200000,0x00000000ec200000,0x00000000ec280000)
 ParOldGen       total 59904K, used 8K [0x00000000c4200000, 0x00000000c7c80000, 0x00000000ec100000)
  object space 59904K, 0% used [0x00000000c4200000,0x00000000c4202000,0x00000000c7c80000)
 Metaspace       used 3349K, capacity 4486K, committed 4864K, reserved 1056768K
  class space    used 378K, capacity 386K, committed 512K, reserved 1048576K
Event: 0.709 GC heap after
Heap after GC invocations=2 (full 0):
 PSYoungGen      total 1024K, used 483K [0x00000000ec100000, 0x00000000ec300000, 0x0000000100000000)
  eden space 512K, 0% used [0x00000000ec100000,0x00000000ec100000,0x00000000ec180000)
  from space 512K, 94% used [0x00000000ec200000,0x00000000ec278e00,0x00000000ec280000)
  to   space 512K, 0% used [0x00000000ec180000,0x00000000ec180000,0x00000000ec200000)
 ParOldGen       total 59904K, used 208K [0x00000000c4200000, 0x00000000c7c80000, 0x00000000ec100000)
  object space 59904K, 0% used [0x00000000c4200000,0x00000000c4234010,0x00000000c7c80000)
 Metaspace       used 3349K, capacity 4486K, committed 4864K, reserved 1056768K
  class space    used 378K, capacity 386K, committed 512K, reserved 1048576K
}

